TN:
SF:src/client/workspace.client.ts
FN:10,(anonymous_2)
FN:15,(anonymous_3)
FN:28,(anonymous_4)
FNF:3
FNH:0
FNDA:0,(anonymous_2)
FNDA:0,(anonymous_3)
FNDA:0,(anonymous_4)
DA:1,3
DA:2,3
DA:3,3
DA:4,3
DA:5,3
DA:6,3
DA:9,3
DA:11,0
DA:12,0
DA:16,0
DA:23,0
DA:25,0
DA:29,0
DA:36,0
DA:38,0
LF:15
LH:7
BRF:0
BRH:0
end_of_record
TN:
SF:src/decorator/current-user.decorator.ts
FN:5,(anonymous_0)
FNF:1
FNH:0
FNDA:0,(anonymous_0)
DA:1,0
DA:2,0
DA:4,0
DA:6,0
LF:4
LH:0
BRF:0
BRH:0
end_of_record
TN:
SF:src/decorator/is-client.decorator.ts
FN:4,IsClient
FNF:1
FNH:0
FNDA:0,IsClient
DA:1,0
DA:2,0
DA:4,0
DA:5,0
LF:4
LH:0
BRF:0
BRH:0
end_of_record
TN:
SF:src/decorator/is-company.decorator.ts
FN:4,IsCompany
FNF:1
FNH:0
FNDA:0,IsCompany
DA:1,0
DA:2,0
DA:4,0
DA:5,0
LF:4
LH:0
BRF:0
BRH:0
end_of_record
TN:
SF:src/decorator/is-user.decorator.ts
FN:5,IsUser
FNF:1
FNH:0
FNDA:0,IsUser
DA:1,0
DA:3,0
DA:5,0
DA:6,0
LF:4
LH:0
BRF:0
BRH:0
end_of_record
TN:
SF:src/domain/company.domain.ts
FNF:0
FNH:0
DA:1,3
DA:3,3
DA:5,3
LF:3
LH:3
BRF:0
BRH:0
end_of_record
TN:
SF:src/domain/team.domain.ts
FN:4,(anonymous_2)
FNF:1
FNH:0
FNDA:0,(anonymous_2)
DA:1,3
DA:3,3
DA:4,0
DA:6,3
DA:9,3
LF:5
LH:4
BRF:0
BRH:0
end_of_record
TN:
SF:src/domain/user.domain.ts
FN:4,(anonymous_2)
FN:42,(anonymous_3)
FN:43,(anonymous_4)
FN:5,(anonymous_5)
FN:9,(anonymous_6)
FN:34,(anonymous_7)
FN:35,(anonymous_8)
FNF:7
FNH:5
FNDA:6,(anonymous_2)
FNDA:0,(anonymous_3)
FNDA:0,(anonymous_4)
FNDA:3,(anonymous_5)
FNDA:3,(anonymous_6)
FNDA:3,(anonymous_7)
FNDA:3,(anonymous_8)
DA:1,3
DA:2,3
DA:4,3
DA:5,3
DA:7,3
DA:9,3
DA:11,3
DA:14,3
DA:17,3
DA:20,3
DA:23,3
DA:26,3
DA:29,3
DA:32,3
DA:34,3
DA:35,3
DA:37,9
DA:40,3
DA:43,0
LF:19
LH:18
BRDA:35,0,0,3
BRDA:35,0,1,3
BRF:2
BRH:2
end_of_record
TN:
SF:src/enum/user-role.enum.ts
FN:1,(anonymous_0)
FNF:1
FNH:0
FNDA:0,(anonymous_0)
DA:1,0
DA:2,0
DA:3,0
DA:4,0
LF:4
LH:0
BRDA:1,0,0,0
BRDA:1,0,1,0
BRF:2
BRH:0
end_of_record
TN:
SF:src/guard/client.guard.ts
FN:13,(anonymous_2)
FN:18,(anonymous_3)
FN:33,(anonymous_4)
FN:50,(anonymous_5)
FN:57,(anonymous_6)
FNF:5
FNH:5
FNDA:3,(anonymous_2)
FNDA:5,(anonymous_3)
FNDA:3,(anonymous_4)
FNDA:2,(anonymous_5)
FNDA:3,(anonymous_6)
DA:1,3
DA:7,3
DA:8,3
DA:9,3
DA:12,3
DA:14,3
DA:15,3
DA:19,5
DA:21,5
DA:22,5
DA:24,3
DA:25,3
DA:26,1
DA:27,1
DA:29,2
DA:34,3
DA:39,2
DA:40,2
DA:42,2
DA:43,1
DA:44,1
DA:47,1
DA:51,2
DA:53,2
DA:57,3
LF:25
LH:25
BRDA:22,0,0,2
BRDA:42,1,0,1
BRDA:42,2,0,2
BRDA:42,2,1,2
BRF:4
BRH:4
end_of_record
TN:
SF:src/guard/company.guard.ts
FN:7,(anonymous_2)
FN:9,(anonymous_3)
FNF:2
FNH:2
FNDA:3,(anonymous_2)
FNDA:3,(anonymous_3)
DA:1,3
DA:2,3
DA:3,3
DA:6,3
DA:7,3
DA:10,3
DA:12,3
DA:13,3
DA:15,1
DA:16,1
DA:17,1
DA:19,1
DA:20,1
DA:22,0
DA:23,0
LF:15
LH:13
BRDA:13,0,0,2
BRDA:17,1,0,0
BRF:2
BRH:1
end_of_record
TN:
SF:src/guard/user.guard.ts
FN:15,(anonymous_2)
FN:20,(anonymous_3)
FN:39,(anonymous_4)
FNF:3
FNH:3
FNDA:3,(anonymous_2)
FNDA:8,(anonymous_3)
FNDA:4,(anonymous_4)
DA:1,3
DA:7,3
DA:8,3
DA:9,3
DA:10,3
DA:11,3
DA:14,3
DA:16,3
DA:17,3
DA:21,8
DA:23,8
DA:25,8
DA:27,4
DA:29,4
DA:30,4
DA:31,3
DA:32,3
DA:34,1
DA:35,1
DA:40,4
DA:42,4
DA:43,1
DA:47,3
LF:23
LH:23
BRDA:25,0,0,4
BRDA:42,1,0,1
BRDA:42,2,0,4
BRDA:42,2,1,4
BRF:4
BRH:4
end_of_record
TN:
SF:src/util/header.util.ts
FN:1,(anonymous_0)
FNF:1
FNH:1
FNDA:16,(anonymous_0)
DA:1,3
DA:4,16
DA:6,16
DA:7,4
DA:8,4
DA:11,12
DA:13,12
DA:14,4
DA:15,4
DA:18,8
LF:10
LH:10
BRDA:6,0,0,4
BRDA:13,1,0,4
BRF:2
BRH:2
end_of_record
TN:
SF:src/util/request.util.ts
FN:3,(anonymous_0)
FNF:1
FNH:1
FNDA:16,(anonymous_0)
DA:3,3
DA:4,16
DA:6,16
LF:3
LH:3
BRDA:6,0,0,0
BRDA:6,0,1,16
BRF:2
BRH:1
end_of_record
